Traceback (most recent call last):
  File "/home/user/miniforge3/envs/book/lib/python3.11/site-packages/jupyter_core/utils/__init__.py", line 154, in wrapped
    asyncio.get_running_loop()
RuntimeError: no running event loop

During handling of the above exception, another exception occurred:

Traceback (most recent call last):
  File "/home/user/miniforge3/envs/book/lib/python3.11/site-packages/jupyter_cache/executors/utils.py", line 58, in single_nb_execution
    executenb(
  File "/home/user/miniforge3/envs/book/lib/python3.11/site-packages/nbclient/client.py", line 1319, in execute
    return NotebookClient(nb=nb, resources=resources, km=km, **kwargs).execute()
           ^^^^^^^^^^^^^^^^^^^^^^^^^^^^^^^^^^^^^^^^^^^^^^^^^^^^^^^^^^^^^^^^^^^^^
  File "/home/user/miniforge3/envs/book/lib/python3.11/site-packages/jupyter_core/utils/__init__.py", line 158, in wrapped
    return loop.run_until_complete(inner)
           ^^^^^^^^^^^^^^^^^^^^^^^^^^^^^^
  File "/home/user/miniforge3/envs/book/lib/python3.11/asyncio/base_events.py", line 654, in run_until_complete
    return future.result()
           ^^^^^^^^^^^^^^^
  File "/home/user/miniforge3/envs/book/lib/python3.11/site-packages/nbclient/client.py", line 709, in async_execute
    await self.async_execute_cell(
  File "/home/user/miniforge3/envs/book/lib/python3.11/site-packages/nbclient/client.py", line 1062, in async_execute_cell
    await self._check_raise_for_error(cell, cell_index, exec_reply)
  File "/home/user/miniforge3/envs/book/lib/python3.11/site-packages/nbclient/client.py", line 918, in _check_raise_for_error
    raise CellExecutionError.from_cell_and_msg(cell, exec_reply_content)
nbclient.exceptions.CellExecutionError: An error occurred while executing the following cell:
------------------
maxtab, mintab = peakdet(ys-1,.01,ts)
------------------


[31m---------------------------------------------------------------------------[39m
[31mNameError[39m                                 Traceback (most recent call last)
[36mCell[39m[36m [39m[32mIn[7][39m[32m, line 1[39m
[32m----> [39m[32m1[39m maxtab, mintab = [43mpeakdet[49m[43m([49m[43mys[49m[43m-[49m[32;43m1[39;49m[43m,[49m[32;43m.01[39;49m[43m,[49m[43mts[49m[43m)[49m

[36mCell[39m[36m [39m[32mIn[6][39m[32m, line 45[39m, in [36mpeakdet[39m[34m(v, delta, x)[39m
[32m     42[39m [38;5;28;01mif[39;00m delta <= [32m0[39m:
[32m     43[39m     sys.exit([33m'[39m[33mInput argument delta must be positive[39m[33m'[39m)
[32m---> [39m[32m45[39m mn, mx = [43mInf[49m, -Inf
[32m     46[39m mnpos, mxpos = NaN, NaN
[32m     48[39m lookformax = [38;5;28;01mTrue[39;00m

[31mNameError[39m: name 'Inf' is not defined

